<?xml version="1.0" encoding="UTF-8"?>
<coverage generated="1727276045165" clover="3.2.0">
  <project timestamp="1727276045165" name="All files">
    <metrics statements="120" coveredstatements="110" conditionals="24" coveredconditionals="16" methods="29" coveredmethods="26" elements="173" coveredelements="152" complexity="0" loc="120" ncloc="120" packages="10" files="20" classes="20"/>
    <package name="src.application">
      <metrics statements="18" coveredstatements="14" conditionals="2" coveredconditionals="1" methods="5" coveredmethods="2"/>
      <file name="database.ts" path="C:\Users\zhafi\Development\pzn\typescript\ts-rest-api\src\application\database.ts">
        <metrics statements="9" coveredstatements="7" conditionals="0" coveredconditionals="0" methods="4" coveredmethods="2"/>
        <line num="4" count="2" type="stmt"/>
        <line num="25" count="2" type="stmt"/>
        <line num="26" count="0" type="stmt"/>
        <line num="28" count="2" type="stmt"/>
        <line num="29" count="41" type="stmt"/>
        <line num="31" count="2" type="stmt"/>
        <line num="32" count="2" type="stmt"/>
        <line num="34" count="2" type="stmt"/>
        <line num="35" count="0" type="stmt"/>
      </file>
      <file name="logger.ts" path="C:\Users\zhafi\Development\pzn\typescript\ts-rest-api\src\application\logger.ts">
        <metrics statements="1" coveredstatements="1" conditionals="0" coveredconditionals="0" methods="0" coveredmethods="0"/>
        <line num="3" count="2" type="stmt"/>
      </file>
      <file name="web.ts" path="C:\Users\zhafi\Development\pzn\typescript\ts-rest-api\src\application\web.ts">
        <metrics statements="8" coveredstatements="6" conditionals="2" coveredconditionals="1" methods="1" coveredmethods="0"/>
        <line num="6" count="2" type="stmt"/>
        <line num="7" count="2" type="stmt"/>
        <line num="8" count="2" type="stmt"/>
        <line num="9" count="2" type="stmt"/>
        <line num="10" count="2" type="stmt"/>
        <line num="12" count="2" type="cond" truecount="1" falsecount="1"/>
        <line num="13" count="0" type="stmt"/>
        <line num="14" count="0" type="stmt"/>
      </file>
    </package>
    <package name="src.controller">
      <metrics statements="28" coveredstatements="25" conditionals="0" coveredconditionals="0" methods="6" coveredmethods="6"/>
      <file name="contact-controller.ts" path="C:\Users\zhafi\Development\pzn\typescript\ts-rest-api\src\controller\contact-controller.ts">
        <metrics statements="5" coveredstatements="4" conditionals="0" coveredconditionals="0" methods="1" coveredmethods="1"/>
        <line num="8" count="1" type="stmt"/>
        <line num="9" count="1" type="stmt"/>
        <line num="10" count="1" type="stmt"/>
        <line num="11" count="1" type="stmt"/>
        <line num="15" count="0" type="stmt"/>
      </file>
      <file name="user-controller.ts" path="C:\Users\zhafi\Development\pzn\typescript\ts-rest-api\src\controller\user-controller.ts">
        <metrics statements="23" coveredstatements="21" conditionals="0" coveredconditionals="0" methods="5" coveredmethods="5"/>
        <line num="12" count="2" type="stmt"/>
        <line num="13" count="2" type="stmt"/>
        <line num="14" count="2" type="stmt"/>
        <line num="16" count="1" type="stmt"/>
        <line num="20" count="1" type="stmt"/>
        <line num="24" count="2" type="stmt"/>
        <line num="25" count="2" type="stmt"/>
        <line num="26" count="2" type="stmt"/>
        <line num="28" count="1" type="stmt"/>
        <line num="32" count="1" type="stmt"/>
        <line num="36" count="1" type="stmt"/>
        <line num="37" count="1" type="stmt"/>
        <line num="38" count="1" type="stmt"/>
        <line num="42" count="0" type="stmt"/>
        <line num="46" count="2" type="stmt"/>
        <line num="47" count="2" type="stmt"/>
        <line num="48" count="2" type="stmt"/>
        <line num="49" count="1" type="stmt"/>
        <line num="53" count="1" type="stmt"/>
        <line num="57" count="1" type="stmt"/>
        <line num="58" count="1" type="stmt"/>
        <line num="59" count="1" type="stmt"/>
        <line num="63" count="0" type="stmt"/>
      </file>
    </package>
    <package name="src.error">
      <metrics statements="1" coveredstatements="1" conditionals="0" coveredconditionals="0" methods="1" coveredmethods="1"/>
      <file name="response-error.ts" path="C:\Users\zhafi\Development\pzn\typescript\ts-rest-api\src\error\response-error.ts">
        <metrics statements="1" coveredstatements="1" conditionals="0" coveredconditionals="0" methods="1" coveredmethods="1"/>
        <line num="3" count="1" type="stmt"/>
      </file>
    </package>
    <package name="src.lib">
      <metrics statements="5" coveredstatements="5" conditionals="2" coveredconditionals="1" methods="2" coveredmethods="2"/>
      <file name="bcrypt.ts" path="C:\Users\zhafi\Development\pzn\typescript\ts-rest-api\src\lib\bcrypt.ts">
        <metrics statements="5" coveredstatements="5" conditionals="2" coveredconditionals="1" methods="2" coveredmethods="2"/>
        <line num="4" count="2" type="stmt"/>
        <line num="7" count="12" type="stmt"/>
        <line num="11" count="12" type="stmt"/>
        <line num="17" count="2" type="stmt"/>
        <line num="18" count="2" type="stmt"/>
      </file>
    </package>
    <package name="src.middleware">
      <metrics statements="14" coveredstatements="13" conditionals="8" coveredconditionals="7" methods="2" coveredmethods="2"/>
      <file name="auth-middleware.ts" path="C:\Users\zhafi\Development\pzn\typescript\ts-rest-api\src\middleware\auth-middleware.ts">
        <metrics statements="8" coveredstatements="8" conditionals="4" coveredconditionals="4" methods="1" coveredmethods="1"/>
        <line num="5" count="2" type="stmt"/>
        <line num="10" count="8" type="stmt"/>
        <line num="11" count="8" type="cond" truecount="2" falsecount="0"/>
        <line num="12" count="7" type="stmt"/>
        <line num="13" count="7" type="cond" truecount="2" falsecount="0"/>
        <line num="14" count="5" type="stmt"/>
        <line num="15" count="5" type="stmt"/>
        <line num="18" count="3" type="stmt"/>
      </file>
      <file name="error-middleware.ts" path="C:\Users\zhafi\Development\pzn\typescript\ts-rest-api\src\middleware\error-middleware.ts">
        <metrics statements="6" coveredstatements="5" conditionals="4" coveredconditionals="3" methods="1" coveredmethods="1"/>
        <line num="5" count="2" type="stmt"/>
        <line num="11" count="3" type="cond" truecount="2" falsecount="0"/>
        <line num="12" count="2" type="stmt"/>
        <line num="15" count="1" type="cond" truecount="1" falsecount="1"/>
        <line num="16" count="1" type="stmt"/>
        <line num="20" count="0" type="stmt"/>
      </file>
    </package>
    <package name="src.model">
      <metrics statements="2" coveredstatements="2" conditionals="0" coveredconditionals="0" methods="2" coveredmethods="2"/>
      <file name="contact-model.ts" path="C:\Users\zhafi\Development\pzn\typescript\ts-rest-api\src\model\contact-model.ts">
        <metrics statements="1" coveredstatements="1" conditionals="0" coveredconditionals="0" methods="1" coveredmethods="1"/>
        <line num="19" count="1" type="stmt"/>
      </file>
      <file name="user-model.ts" path="C:\Users\zhafi\Development\pzn\typescript\ts-rest-api\src\model\user-model.ts">
        <metrics statements="1" coveredstatements="1" conditionals="0" coveredconditionals="0" methods="1" coveredmethods="1"/>
        <line num="26" count="5" type="stmt"/>
      </file>
    </package>
    <package name="src.route">
      <metrics statements="9" coveredstatements="9" conditionals="0" coveredconditionals="0" methods="0" coveredmethods="0"/>
      <file name="api.ts" path="C:\Users\zhafi\Development\pzn\typescript\ts-rest-api\src\route\api.ts">
        <metrics statements="6" coveredstatements="6" conditionals="0" coveredconditionals="0" methods="0" coveredmethods="0"/>
        <line num="5" count="2" type="stmt"/>
        <line num="7" count="2" type="stmt"/>
        <line num="11" count="2" type="stmt"/>
        <line num="12" count="2" type="stmt"/>
        <line num="13" count="2" type="stmt"/>
        <line num="17" count="2" type="stmt"/>
      </file>
      <file name="public-api.ts" path="C:\Users\zhafi\Development\pzn\typescript\ts-rest-api\src\route\public-api.ts">
        <metrics statements="3" coveredstatements="3" conditionals="0" coveredconditionals="0" methods="0" coveredmethods="0"/>
        <line num="4" count="2" type="stmt"/>
        <line num="6" count="2" type="stmt"/>
        <line num="7" count="2" type="stmt"/>
      </file>
    </package>
    <package name="src.service">
      <metrics statements="31" coveredstatements="29" conditionals="10" coveredconditionals="6" methods="6" coveredmethods="6"/>
      <file name="contact-service.ts" path="C:\Users\zhafi\Development\pzn\typescript\ts-rest-api\src\service\contact-service.ts">
        <metrics statements="3" coveredstatements="3" conditionals="0" coveredconditionals="0" methods="1" coveredmethods="1"/>
        <line num="17" count="1" type="stmt"/>
        <line num="21" count="1" type="stmt"/>
        <line num="28" count="1" type="stmt"/>
      </file>
      <file name="user-service.ts" path="C:\Users\zhafi\Development\pzn\typescript\ts-rest-api\src\service\user-service.ts">
        <metrics statements="28" coveredstatements="26" conditionals="10" coveredconditionals="6" methods="5" coveredmethods="5"/>
        <line num="18" count="2" type="stmt"/>
        <line num="23" count="1" type="stmt"/>
        <line num="27" count="1" type="cond" truecount="1" falsecount="1"/>
        <line num="28" count="0" type="stmt"/>
        <line num="31" count="1" type="stmt"/>
        <line num="33" count="1" type="stmt"/>
        <line num="37" count="1" type="stmt"/>
        <line num="40" count="2" type="stmt"/>
        <line num="41" count="2" type="stmt"/>
        <line num="45" count="2" type="cond" truecount="2" falsecount="0"/>
        <line num="46" count="1" type="stmt"/>
        <line num="48" count="1" type="stmt"/>
        <line num="53" count="1" type="cond" truecount="1" falsecount="1"/>
        <line num="54" count="0" type="stmt"/>
        <line num="57" count="1" type="stmt"/>
        <line num="63" count="1" type="stmt"/>
        <line num="64" count="1" type="stmt"/>
        <line num="65" count="1" type="stmt"/>
        <line num="68" count="1" type="stmt"/>
        <line num="74" count="2" type="stmt"/>
        <line num="75" count="1" type="cond" truecount="1" falsecount="1"/>
        <line num="76" count="1" type="stmt"/>
        <line num="78" count="1" type="cond" truecount="1" falsecount="1"/>
        <line num="79" count="1" type="stmt"/>
        <line num="81" count="1" type="stmt"/>
        <line num="85" count="1" type="stmt"/>
        <line num="88" count="1" type="stmt"/>
        <line num="92" count="1" type="stmt"/>
      </file>
    </package>
    <package name="src.validation">
      <metrics statements="5" coveredstatements="5" conditionals="0" coveredconditionals="0" methods="1" coveredmethods="1"/>
      <file name="contact-validation.ts" path="C:\Users\zhafi\Development\pzn\typescript\ts-rest-api\src\validation\contact-validation.ts">
        <metrics statements="1" coveredstatements="1" conditionals="0" coveredconditionals="0" methods="0" coveredmethods="0"/>
        <line num="4" count="2" type="stmt"/>
      </file>
      <file name="user-validation.ts" path="C:\Users\zhafi\Development\pzn\typescript\ts-rest-api\src\validation\user-validation.ts">
        <metrics statements="3" coveredstatements="3" conditionals="0" coveredconditionals="0" methods="0" coveredmethods="0"/>
        <line num="4" count="2" type="stmt"/>
        <line num="9" count="2" type="stmt"/>
        <line num="13" count="2" type="stmt"/>
      </file>
      <file name="validation.ts" path="C:\Users\zhafi\Development\pzn\typescript\ts-rest-api\src\validation\validation.ts">
        <metrics statements="1" coveredstatements="1" conditionals="0" coveredconditionals="0" methods="1" coveredmethods="1"/>
        <line num="5" count="7" type="stmt"/>
      </file>
    </package>
    <package name="test">
      <metrics statements="7" coveredstatements="7" conditionals="2" coveredconditionals="1" methods="4" coveredmethods="4"/>
      <file name="contact-util.ts" path="C:\Users\zhafi\Development\pzn\typescript\ts-rest-api\test\contact-util.ts">
        <metrics statements="2" coveredstatements="2" conditionals="0" coveredconditionals="0" methods="1" coveredmethods="1"/>
        <line num="5" count="1" type="stmt"/>
        <line num="8" count="1" type="stmt"/>
      </file>
      <file name="test-util.ts" path="C:\Users\zhafi\Development\pzn\typescript\ts-rest-api\test\test-util.ts">
        <metrics statements="5" coveredstatements="5" conditionals="2" coveredconditionals="1" methods="3" coveredmethods="3"/>
        <line num="7" count="10" type="stmt"/>
        <line num="17" count="12" type="stmt"/>
        <line num="22" count="2" type="stmt"/>
        <line num="25" count="2" type="cond" truecount="1" falsecount="1"/>
        <line num="26" count="2" type="stmt"/>
      </file>
    </package>
  </project>
</coverage>
