{"C:\\Users\\zhafi\\Development\\pzn\\typescript\\ts-rest-api\\src\\application\\database.ts": {"path":"C:\\Users\\zhafi\\Development\\pzn\\typescript\\ts-rest-api\\src\\application\\database.ts","statementMap":{"0":{"start":{"line":4,"column":28},"end":{"line":23,"column":2}},"1":{"start":{"line":25,"column":0},"end":{"line":27,"column":3}},"2":{"start":{"line":26,"column":2},"end":{"line":26,"column":20}},"3":{"start":{"line":28,"column":0},"end":{"line":30,"column":3}},"4":{"start":{"line":29,"column":2},"end":{"line":29,"column":21}},"5":{"start":{"line":31,"column":0},"end":{"line":33,"column":3}},"6":{"start":{"line":32,"column":2},"end":{"line":32,"column":20}},"7":{"start":{"line":34,"column":0},"end":{"line":36,"column":3}},"8":{"start":{"line":35,"column":2},"end":{"line":35,"column":20}}},"fnMap":{"0":{"name":"(anonymous_0)","decl":{"start":{"line":25,"column":26},"end":{"line":25,"column":27}},"loc":{"start":{"line":25,"column":35},"end":{"line":27,"column":1}},"line":25},"1":{"name":"(anonymous_1)","decl":{"start":{"line":28,"column":26},"end":{"line":28,"column":27}},"loc":{"start":{"line":28,"column":37},"end":{"line":30,"column":1}},"line":28},"2":{"name":"(anonymous_2)","decl":{"start":{"line":31,"column":25},"end":{"line":31,"column":26}},"loc":{"start":{"line":31,"column":35},"end":{"line":33,"column":1}},"line":31},"3":{"name":"(anonymous_3)","decl":{"start":{"line":34,"column":25},"end":{"line":34,"column":26}},"loc":{"start":{"line":34,"column":35},"end":{"line":36,"column":1}},"line":34}},"branchMap":{},"s":{"0":2,"1":2,"2":0,"3":2,"4":41,"5":2,"6":2,"7":2,"8":0},"f":{"0":0,"1":41,"2":2,"3":0},"b":{},"_coverageSchema":"1a1c01bbd47fc00a2c39e90264f33305004495a9","hash":"cf8de50d2dd391c886c29f7ba18d3081986cefa3"}
,"C:\\Users\\zhafi\\Development\\pzn\\typescript\\ts-rest-api\\src\\application\\logger.ts": {"path":"C:\\Users\\zhafi\\Development\\pzn\\typescript\\ts-rest-api\\src\\application\\logger.ts","statementMap":{"0":{"start":{"line":3,"column":22},"end":{"line":7,"column":2}}},"fnMap":{},"branchMap":{},"s":{"0":2},"f":{},"b":{},"_coverageSchema":"1a1c01bbd47fc00a2c39e90264f33305004495a9","hash":"4b1f7e77f48a9c00425c08c192bffc5cac9bb51e"}
,"C:\\Users\\zhafi\\Development\\pzn\\typescript\\ts-rest-api\\src\\application\\web.ts": {"path":"C:\\Users\\zhafi\\Development\\pzn\\typescript\\ts-rest-api\\src\\application\\web.ts","statementMap":{"0":{"start":{"line":6,"column":19},"end":{"line":6,"column":28}},"1":{"start":{"line":7,"column":0},"end":{"line":7,"column":24}},"2":{"start":{"line":8,"column":0},"end":{"line":8,"column":22}},"3":{"start":{"line":9,"column":0},"end":{"line":9,"column":19}},"4":{"start":{"line":10,"column":0},"end":{"line":10,"column":25}},"5":{"start":{"line":12,"column":0},"end":{"line":16,"column":1}},"6":{"start":{"line":13,"column":2},"end":{"line":15,"column":5}},"7":{"start":{"line":14,"column":4},"end":{"line":14,"column":39}}},"fnMap":{"0":{"name":"(anonymous_0)","decl":{"start":{"line":13,"column":19},"end":{"line":13,"column":20}},"loc":{"start":{"line":13,"column":25},"end":{"line":15,"column":3}},"line":13}},"branchMap":{"0":{"loc":{"start":{"line":12,"column":0},"end":{"line":16,"column":1}},"type":"if","locations":[{"start":{"line":12,"column":0},"end":{"line":16,"column":1}},{"start":{},"end":{}}],"line":12}},"s":{"0":2,"1":2,"2":2,"3":2,"4":2,"5":2,"6":0,"7":0},"f":{"0":0},"b":{"0":[0,2]},"_coverageSchema":"1a1c01bbd47fc00a2c39e90264f33305004495a9","hash":"93bec4677d1b7189b8ea7e02a63f9939d3641b3b"}
,"C:\\Users\\zhafi\\Development\\pzn\\typescript\\ts-rest-api\\src\\controller\\contact-controller.ts": {"path":"C:\\Users\\zhafi\\Development\\pzn\\typescript\\ts-rest-api\\src\\controller\\contact-controller.ts","statementMap":{"0":{"start":{"line":8,"column":4},"end":{"line":16,"column":5}},"1":{"start":{"line":9,"column":44},"end":{"line":9,"column":76}},"2":{"start":{"line":10,"column":23},"end":{"line":10,"column":70}},"3":{"start":{"line":11,"column":6},"end":{"line":13,"column":9}},"4":{"start":{"line":15,"column":6},"end":{"line":15,"column":16}}},"fnMap":{"0":{"name":"(anonymous_0)","decl":{"start":{"line":7,"column":2},"end":{"line":7,"column":3}},"loc":{"start":{"line":7,"column":75},"end":{"line":17,"column":3}},"line":7}},"branchMap":{},"s":{"0":1,"1":1,"2":1,"3":1,"4":0},"f":{"0":1},"b":{},"_coverageSchema":"1a1c01bbd47fc00a2c39e90264f33305004495a9","hash":"6d23b8eb9537721cd15e7600ee5f0e9609e4344e"}
,"C:\\Users\\zhafi\\Development\\pzn\\typescript\\ts-rest-api\\src\\controller\\user-controller.ts": {"path":"C:\\Users\\zhafi\\Development\\pzn\\typescript\\ts-rest-api\\src\\controller\\user-controller.ts","statementMap":{"0":{"start":{"line":12,"column":4},"end":{"line":21,"column":5}},"1":{"start":{"line":13,"column":41},"end":{"line":13,"column":70}},"2":{"start":{"line":14,"column":23},"end":{"line":14,"column":58}},"3":{"start":{"line":16,"column":6},"end":{"line":18,"column":9}},"4":{"start":{"line":20,"column":6},"end":{"line":20,"column":16}},"5":{"start":{"line":24,"column":4},"end":{"line":33,"column":5}},"6":{"start":{"line":25,"column":40},"end":{"line":25,"column":68}},"7":{"start":{"line":26,"column":23},"end":{"line":26,"column":55}},"8":{"start":{"line":28,"column":6},"end":{"line":30,"column":9}},"9":{"start":{"line":32,"column":6},"end":{"line":32,"column":16}},"10":{"start":{"line":36,"column":4},"end":{"line":43,"column":5}},"11":{"start":{"line":37,"column":23},"end":{"line":37,"column":55}},"12":{"start":{"line":38,"column":6},"end":{"line":40,"column":9}},"13":{"start":{"line":42,"column":6},"end":{"line":42,"column":16}},"14":{"start":{"line":46,"column":4},"end":{"line":54,"column":5}},"15":{"start":{"line":47,"column":22},"end":{"line":47,"column":51}},"16":{"start":{"line":48,"column":23},"end":{"line":48,"column":67}},"17":{"start":{"line":49,"column":6},"end":{"line":51,"column":9}},"18":{"start":{"line":53,"column":6},"end":{"line":53,"column":16}},"19":{"start":{"line":57,"column":4},"end":{"line":64,"column":5}},"20":{"start":{"line":58,"column":6},"end":{"line":58,"column":42}},"21":{"start":{"line":59,"column":6},"end":{"line":61,"column":9}},"22":{"start":{"line":63,"column":6},"end":{"line":63,"column":16}}},"fnMap":{"0":{"name":"(anonymous_0)","decl":{"start":{"line":11,"column":2},"end":{"line":11,"column":3}},"loc":{"start":{"line":11,"column":73},"end":{"line":22,"column":3}},"line":11},"1":{"name":"(anonymous_1)","decl":{"start":{"line":23,"column":2},"end":{"line":23,"column":3}},"loc":{"start":{"line":23,"column":70},"end":{"line":34,"column":3}},"line":23},"2":{"name":"(anonymous_2)","decl":{"start":{"line":35,"column":2},"end":{"line":35,"column":3}},"loc":{"start":{"line":35,"column":72},"end":{"line":44,"column":3}},"line":35},"3":{"name":"(anonymous_3)","decl":{"start":{"line":45,"column":2},"end":{"line":45,"column":3}},"loc":{"start":{"line":45,"column":75},"end":{"line":55,"column":3}},"line":45},"4":{"name":"(anonymous_4)","decl":{"start":{"line":56,"column":2},"end":{"line":56,"column":3}},"loc":{"start":{"line":56,"column":75},"end":{"line":65,"column":3}},"line":56}},"branchMap":{},"s":{"0":2,"1":2,"2":2,"3":1,"4":1,"5":2,"6":2,"7":2,"8":1,"9":1,"10":1,"11":1,"12":1,"13":0,"14":2,"15":2,"16":2,"17":1,"18":1,"19":1,"20":1,"21":1,"22":0},"f":{"0":2,"1":2,"2":1,"3":2,"4":1},"b":{},"_coverageSchema":"1a1c01bbd47fc00a2c39e90264f33305004495a9","hash":"cc70a2709b9935b22fc3304e84e428fc240c094f"}
,"C:\\Users\\zhafi\\Development\\pzn\\typescript\\ts-rest-api\\src\\error\\response-error.ts": {"path":"C:\\Users\\zhafi\\Development\\pzn\\typescript\\ts-rest-api\\src\\error\\response-error.ts","statementMap":{"0":{"start":{"line":3,"column":4},"end":{"line":3,"column":19}}},"fnMap":{"0":{"name":"(anonymous_0)","decl":{"start":{"line":2,"column":2},"end":{"line":2,"column":3}},"loc":{"start":{"line":2,"column":61},"end":{"line":4,"column":3}},"line":2}},"branchMap":{},"s":{"0":1},"f":{"0":1},"b":{},"_coverageSchema":"1a1c01bbd47fc00a2c39e90264f33305004495a9","hash":"4a425ab0ac83a46820b59a8c0ab62013d4aa4746"}
,"C:\\Users\\zhafi\\Development\\pzn\\typescript\\ts-rest-api\\src\\lib\\bcrypt.ts": {"path":"C:\\Users\\zhafi\\Development\\pzn\\typescript\\ts-rest-api\\src\\lib\\bcrypt.ts","statementMap":{"0":{"start":{"line":4,"column":0},"end":{"line":4,"column":16}},"1":{"start":{"line":7,"column":27},"end":{"line":10,"column":5}},"2":{"start":{"line":11,"column":4},"end":{"line":11,"column":26}},"3":{"start":{"line":17,"column":20},"end":{"line":17,"column":66}},"4":{"start":{"line":18,"column":4},"end":{"line":18,"column":19}}},"fnMap":{"0":{"name":"(anonymous_0)","decl":{"start":{"line":6,"column":2},"end":{"line":6,"column":3}},"loc":{"start":{"line":6,"column":55},"end":{"line":12,"column":3}},"line":6},"1":{"name":"(anonymous_1)","decl":{"start":{"line":13,"column":2},"end":{"line":13,"column":3}},"loc":{"start":{"line":16,"column":22},"end":{"line":19,"column":3}},"line":16}},"branchMap":{"0":{"loc":{"start":{"line":9,"column":13},"end":{"line":9,"column":42}},"type":"binary-expr","locations":[{"start":{"line":9,"column":13},"end":{"line":9,"column":36}},{"start":{"line":9,"column":40},"end":{"line":9,"column":42}}],"line":9}},"s":{"0":2,"1":12,"2":12,"3":2,"4":2},"f":{"0":12,"1":2},"b":{"0":[12,0]},"_coverageSchema":"1a1c01bbd47fc00a2c39e90264f33305004495a9","hash":"58fe11928b1bad466df73f311a19c6ac2c013ec3"}
,"C:\\Users\\zhafi\\Development\\pzn\\typescript\\ts-rest-api\\src\\middleware\\auth-middleware.ts": {"path":"C:\\Users\\zhafi\\Development\\pzn\\typescript\\ts-rest-api\\src\\middleware\\auth-middleware.ts","statementMap":{"0":{"start":{"line":5,"column":30},"end":{"line":24,"column":1}},"1":{"start":{"line":10,"column":16},"end":{"line":10,"column":38}},"2":{"start":{"line":11,"column":2},"end":{"line":17,"column":3}},"3":{"start":{"line":12,"column":17},"end":{"line":12,"column":72}},"4":{"start":{"line":13,"column":4},"end":{"line":16,"column":5}},"5":{"start":{"line":14,"column":6},"end":{"line":14,"column":22}},"6":{"start":{"line":15,"column":6},"end":{"line":15,"column":20}},"7":{"start":{"line":18,"column":2},"end":{"line":23,"column":11}}},"fnMap":{"0":{"name":"(anonymous_0)","decl":{"start":{"line":5,"column":30},"end":{"line":5,"column":31}},"loc":{"start":{"line":9,"column":5},"end":{"line":24,"column":1}},"line":9}},"branchMap":{"0":{"loc":{"start":{"line":11,"column":2},"end":{"line":17,"column":3}},"type":"if","locations":[{"start":{"line":11,"column":2},"end":{"line":17,"column":3}},{"start":{},"end":{}}],"line":11},"1":{"loc":{"start":{"line":13,"column":4},"end":{"line":16,"column":5}},"type":"if","locations":[{"start":{"line":13,"column":4},"end":{"line":16,"column":5}},{"start":{},"end":{}}],"line":13}},"s":{"0":2,"1":8,"2":8,"3":7,"4":7,"5":5,"6":5,"7":3},"f":{"0":8},"b":{"0":[7,1],"1":[5,2]},"_coverageSchema":"1a1c01bbd47fc00a2c39e90264f33305004495a9","hash":"d411d8f87a7b8284eedbcb3560dda9dc0d25d383"}
,"C:\\Users\\zhafi\\Development\\pzn\\typescript\\ts-rest-api\\src\\middleware\\error-middleware.ts": {"path":"C:\\Users\\zhafi\\Development\\pzn\\typescript\\ts-rest-api\\src\\middleware\\error-middleware.ts","statementMap":{"0":{"start":{"line":5,"column":31},"end":{"line":24,"column":1}},"1":{"start":{"line":11,"column":2},"end":{"line":23,"column":3}},"2":{"start":{"line":12,"column":4},"end":{"line":14,"column":7}},"3":{"start":{"line":15,"column":9},"end":{"line":23,"column":3}},"4":{"start":{"line":16,"column":4},"end":{"line":18,"column":7}},"5":{"start":{"line":20,"column":4},"end":{"line":22,"column":7}}},"fnMap":{"0":{"name":"(anonymous_0)","decl":{"start":{"line":5,"column":31},"end":{"line":5,"column":32}},"loc":{"start":{"line":10,"column":5},"end":{"line":24,"column":1}},"line":10}},"branchMap":{"0":{"loc":{"start":{"line":11,"column":2},"end":{"line":23,"column":3}},"type":"if","locations":[{"start":{"line":11,"column":2},"end":{"line":23,"column":3}},{"start":{"line":15,"column":9},"end":{"line":23,"column":3}}],"line":11},"1":{"loc":{"start":{"line":15,"column":9},"end":{"line":23,"column":3}},"type":"if","locations":[{"start":{"line":15,"column":9},"end":{"line":23,"column":3}},{"start":{"line":19,"column":9},"end":{"line":23,"column":3}}],"line":15}},"s":{"0":2,"1":3,"2":2,"3":1,"4":1,"5":0},"f":{"0":3},"b":{"0":[2,1],"1":[1,0]},"_coverageSchema":"1a1c01bbd47fc00a2c39e90264f33305004495a9","hash":"1ceff0a0984c11a1bd7f3ef3834d55fef0983d2f"}
,"C:\\Users\\zhafi\\Development\\pzn\\typescript\\ts-rest-api\\src\\model\\contact-model.ts": {"path":"C:\\Users\\zhafi\\Development\\pzn\\typescript\\ts-rest-api\\src\\model\\contact-model.ts","statementMap":{"0":{"start":{"line":19,"column":2},"end":{"line":25,"column":4}}},"fnMap":{"0":{"name":"toContactResponse","decl":{"start":{"line":18,"column":16},"end":{"line":18,"column":33}},"loc":{"start":{"line":18,"column":69},"end":{"line":26,"column":1}},"line":18}},"branchMap":{},"s":{"0":1},"f":{"0":1},"b":{},"_coverageSchema":"1a1c01bbd47fc00a2c39e90264f33305004495a9","hash":"6ac08af5ec02d517499cfbb7aeaadd7677df7b12"}
,"C:\\Users\\zhafi\\Development\\pzn\\typescript\\ts-rest-api\\src\\model\\user-model.ts": {"path":"C:\\Users\\zhafi\\Development\\pzn\\typescript\\ts-rest-api\\src\\model\\user-model.ts","statementMap":{"0":{"start":{"line":26,"column":2},"end":{"line":29,"column":4}}},"fnMap":{"0":{"name":"toUserResponse","decl":{"start":{"line":25,"column":16},"end":{"line":25,"column":30}},"loc":{"start":{"line":25,"column":57},"end":{"line":30,"column":1}},"line":25}},"branchMap":{},"s":{"0":5},"f":{"0":5},"b":{},"_coverageSchema":"1a1c01bbd47fc00a2c39e90264f33305004495a9","hash":"c722457dde1ec87827789ef436fb67f68fd02d4a"}
,"C:\\Users\\zhafi\\Development\\pzn\\typescript\\ts-rest-api\\src\\route\\api.ts": {"path":"C:\\Users\\zhafi\\Development\\pzn\\typescript\\ts-rest-api\\src\\route\\api.ts","statementMap":{"0":{"start":{"line":5,"column":25},"end":{"line":5,"column":33}},"1":{"start":{"line":7,"column":0},"end":{"line":7,"column":30}},"2":{"start":{"line":11,"column":0},"end":{"line":11,"column":59}},"3":{"start":{"line":12,"column":0},"end":{"line":12,"column":64}},"4":{"start":{"line":13,"column":0},"end":{"line":13,"column":64}},"5":{"start":{"line":17,"column":0},"end":{"line":17,"column":61}}},"fnMap":{},"branchMap":{},"s":{"0":2,"1":2,"2":2,"3":2,"4":2,"5":2},"f":{},"b":{},"_coverageSchema":"1a1c01bbd47fc00a2c39e90264f33305004495a9","hash":"76802a8afb1c7cd2175162fec9c728e277fc31e5"}
,"C:\\Users\\zhafi\\Development\\pzn\\typescript\\ts-rest-api\\src\\route\\public-api.ts": {"path":"C:\\Users\\zhafi\\Development\\pzn\\typescript\\ts-rest-api\\src\\route\\public-api.ts","statementMap":{"0":{"start":{"line":4,"column":28},"end":{"line":4,"column":36}},"1":{"start":{"line":6,"column":0},"end":{"line":6,"column":60}},"2":{"start":{"line":7,"column":0},"end":{"line":7,"column":63}}},"fnMap":{},"branchMap":{},"s":{"0":2,"1":2,"2":2},"f":{},"b":{},"_coverageSchema":"1a1c01bbd47fc00a2c39e90264f33305004495a9","hash":"dc4ca519b11291a7cc97ee8935160551a17b21cc"}
,"C:\\Users\\zhafi\\Development\\pzn\\typescript\\ts-rest-api\\src\\service\\contact-service.ts": {"path":"C:\\Users\\zhafi\\Development\\pzn\\typescript\\ts-rest-api\\src\\service\\contact-service.ts","statementMap":{"0":{"start":{"line":17,"column":26},"end":{"line":20,"column":5}},"1":{"start":{"line":21,"column":20},"end":{"line":27,"column":6}},"2":{"start":{"line":28,"column":4},"end":{"line":28,"column":38}}},"fnMap":{"0":{"name":"(anonymous_0)","decl":{"start":{"line":13,"column":2},"end":{"line":13,"column":3}},"loc":{"start":{"line":16,"column":30},"end":{"line":29,"column":3}},"line":16}},"branchMap":{},"s":{"0":1,"1":1,"2":1},"f":{"0":1},"b":{},"_coverageSchema":"1a1c01bbd47fc00a2c39e90264f33305004495a9","hash":"212a3859dde905a2e155a43568125fc2aba6ad32"}
,"C:\\Users\\zhafi\\Development\\pzn\\typescript\\ts-rest-api\\src\\service\\user-service.ts": {"path":"C:\\Users\\zhafi\\Development\\pzn\\typescript\\ts-rest-api\\src\\service\\user-service.ts","statementMap":{"0":{"start":{"line":18,"column":28},"end":{"line":21,"column":5}},"1":{"start":{"line":23,"column":28},"end":{"line":25,"column":6}},"2":{"start":{"line":27,"column":4},"end":{"line":29,"column":5}},"3":{"start":{"line":28,"column":6},"end":{"line":28,"column":61}},"4":{"start":{"line":31,"column":4},"end":{"line":31,"column":75}},"5":{"start":{"line":33,"column":17},"end":{"line":35,"column":6}},"6":{"start":{"line":37,"column":4},"end":{"line":37,"column":32}},"7":{"start":{"line":40,"column":25},"end":{"line":40,"column":75}},"8":{"start":{"line":41,"column":15},"end":{"line":43,"column":6}},"9":{"start":{"line":45,"column":4},"end":{"line":47,"column":5}},"10":{"start":{"line":46,"column":6},"end":{"line":46,"column":68}},"11":{"start":{"line":48,"column":28},"end":{"line":51,"column":5}},"12":{"start":{"line":53,"column":4},"end":{"line":55,"column":5}},"13":{"start":{"line":54,"column":6},"end":{"line":54,"column":68}},"14":{"start":{"line":57,"column":4},"end":{"line":62,"column":7}},"15":{"start":{"line":63,"column":21},"end":{"line":63,"column":41}},"16":{"start":{"line":64,"column":4},"end":{"line":64,"column":33}},"17":{"start":{"line":65,"column":4},"end":{"line":65,"column":20}},"18":{"start":{"line":68,"column":4},"end":{"line":68,"column":32}},"19":{"start":{"line":74,"column":26},"end":{"line":74,"column":77}},"20":{"start":{"line":75,"column":4},"end":{"line":77,"column":5}},"21":{"start":{"line":76,"column":6},"end":{"line":76,"column":37}},"22":{"start":{"line":78,"column":4},"end":{"line":80,"column":5}},"23":{"start":{"line":79,"column":6},"end":{"line":79,"column":64}},"24":{"start":{"line":81,"column":19},"end":{"line":84,"column":6}},"25":{"start":{"line":85,"column":4},"end":{"line":85,"column":34}},"26":{"start":{"line":88,"column":19},"end":{"line":91,"column":6}},"27":{"start":{"line":92,"column":4},"end":{"line":92,"column":34}}},"fnMap":{"0":{"name":"(anonymous_0)","decl":{"start":{"line":17,"column":2},"end":{"line":17,"column":3}},"loc":{"start":{"line":17,"column":75},"end":{"line":38,"column":3}},"line":17},"1":{"name":"(anonymous_1)","decl":{"start":{"line":39,"column":2},"end":{"line":39,"column":3}},"loc":{"start":{"line":39,"column":71},"end":{"line":66,"column":3}},"line":39},"2":{"name":"(anonymous_2)","decl":{"start":{"line":67,"column":2},"end":{"line":67,"column":3}},"loc":{"start":{"line":67,"column":54},"end":{"line":69,"column":3}},"line":67},"3":{"name":"(anonymous_3)","decl":{"start":{"line":70,"column":2},"end":{"line":70,"column":3}},"loc":{"start":{"line":73,"column":27},"end":{"line":86,"column":3}},"line":73},"4":{"name":"(anonymous_4)","decl":{"start":{"line":87,"column":2},"end":{"line":87,"column":3}},"loc":{"start":{"line":87,"column":57},"end":{"line":93,"column":3}},"line":87}},"branchMap":{"0":{"loc":{"start":{"line":27,"column":4},"end":{"line":29,"column":5}},"type":"if","locations":[{"start":{"line":27,"column":4},"end":{"line":29,"column":5}},{"start":{},"end":{}}],"line":27},"1":{"loc":{"start":{"line":45,"column":4},"end":{"line":47,"column":5}},"type":"if","locations":[{"start":{"line":45,"column":4},"end":{"line":47,"column":5}},{"start":{},"end":{}}],"line":45},"2":{"loc":{"start":{"line":53,"column":4},"end":{"line":55,"column":5}},"type":"if","locations":[{"start":{"line":53,"column":4},"end":{"line":55,"column":5}},{"start":{},"end":{}}],"line":53},"3":{"loc":{"start":{"line":75,"column":4},"end":{"line":77,"column":5}},"type":"if","locations":[{"start":{"line":75,"column":4},"end":{"line":77,"column":5}},{"start":{},"end":{}}],"line":75},"4":{"loc":{"start":{"line":78,"column":4},"end":{"line":80,"column":5}},"type":"if","locations":[{"start":{"line":78,"column":4},"end":{"line":80,"column":5}},{"start":{},"end":{}}],"line":78}},"s":{"0":2,"1":1,"2":1,"3":0,"4":1,"5":1,"6":1,"7":2,"8":2,"9":2,"10":1,"11":1,"12":1,"13":0,"14":1,"15":1,"16":1,"17":1,"18":1,"19":2,"20":1,"21":1,"22":1,"23":1,"24":1,"25":1,"26":1,"27":1},"f":{"0":2,"1":2,"2":1,"3":2,"4":1},"b":{"0":[0,1],"1":[1,1],"2":[0,1],"3":[1,0],"4":[1,0]},"_coverageSchema":"1a1c01bbd47fc00a2c39e90264f33305004495a9","hash":"59ff71ed95a22a1e0d6e26d4e22b9dfcbd67fd12"}
,"C:\\Users\\zhafi\\Development\\pzn\\typescript\\ts-rest-api\\src\\validation\\contact-validation.ts": {"path":"C:\\Users\\zhafi\\Development\\pzn\\typescript\\ts-rest-api\\src\\validation\\contact-validation.ts","statementMap":{"0":{"start":{"line":4,"column":36},"end":{"line":9,"column":4}}},"fnMap":{},"branchMap":{},"s":{"0":2},"f":{},"b":{},"_coverageSchema":"1a1c01bbd47fc00a2c39e90264f33305004495a9","hash":"e318c384de6557f70bd26ab5d1cec1cbe8976b6e"}
,"C:\\Users\\zhafi\\Development\\pzn\\typescript\\ts-rest-api\\src\\validation\\user-validation.ts": {"path":"C:\\Users\\zhafi\\Development\\pzn\\typescript\\ts-rest-api\\src\\validation\\user-validation.ts","statementMap":{"0":{"start":{"line":4,"column":38},"end":{"line":8,"column":4}},"1":{"start":{"line":9,"column":35},"end":{"line":12,"column":4}},"2":{"start":{"line":13,"column":36},"end":{"line":16,"column":4}}},"fnMap":{},"branchMap":{},"s":{"0":2,"1":2,"2":2},"f":{},"b":{},"_coverageSchema":"1a1c01bbd47fc00a2c39e90264f33305004495a9","hash":"3d36c6e98a140a7f8d781274092b1ca2f20ea3cd"}
,"C:\\Users\\zhafi\\Development\\pzn\\typescript\\ts-rest-api\\src\\validation\\validation.ts": {"path":"C:\\Users\\zhafi\\Development\\pzn\\typescript\\ts-rest-api\\src\\validation\\validation.ts","statementMap":{"0":{"start":{"line":5,"column":4},"end":{"line":5,"column":30}}},"fnMap":{"0":{"name":"(anonymous_0)","decl":{"start":{"line":4,"column":2},"end":{"line":4,"column":3}},"loc":{"start":{"line":4,"column":50},"end":{"line":6,"column":3}},"line":4}},"branchMap":{},"s":{"0":7},"f":{"0":7},"b":{},"_coverageSchema":"1a1c01bbd47fc00a2c39e90264f33305004495a9","hash":"0aef8f942ed8eac99014b515cdd21d0fe1a73de7"}
,"C:\\Users\\zhafi\\Development\\pzn\\typescript\\ts-rest-api\\test\\contact-util.ts": {"path":"C:\\Users\\zhafi\\Development\\pzn\\typescript\\ts-rest-api\\test\\contact-util.ts","statementMap":{"0":{"start":{"line":5,"column":21},"end":{"line":7,"column":6}},"1":{"start":{"line":8,"column":4},"end":{"line":8,"column":80}}},"fnMap":{"0":{"name":"(anonymous_0)","decl":{"start":{"line":4,"column":2},"end":{"line":4,"column":3}},"loc":{"start":{"line":4,"column":27},"end":{"line":9,"column":3}},"line":4}},"branchMap":{},"s":{"0":1,"1":1},"f":{"0":1},"b":{},"_coverageSchema":"1a1c01bbd47fc00a2c39e90264f33305004495a9","hash":"985c620c93d02d626b7cfea1c6c37f62bccad15f"}
,"C:\\Users\\zhafi\\Development\\pzn\\typescript\\ts-rest-api\\test\\test-util.ts": {"path":"C:\\Users\\zhafi\\Development\\pzn\\typescript\\ts-rest-api\\test\\test-util.ts","statementMap":{"0":{"start":{"line":7,"column":4},"end":{"line":14,"column":7}},"1":{"start":{"line":17,"column":4},"end":{"line":19,"column":7}},"2":{"start":{"line":22,"column":17},"end":{"line":24,"column":6}},"3":{"start":{"line":25,"column":4},"end":{"line":25,"column":52}},"4":{"start":{"line":25,"column":15},"end":{"line":25,"column":52}},"5":{"start":{"line":26,"column":4},"end":{"line":26,"column":17}}},"fnMap":{"0":{"name":"(anonymous_0)","decl":{"start":{"line":6,"column":2},"end":{"line":6,"column":3}},"loc":{"start":{"line":6,"column":24},"end":{"line":15,"column":3}},"line":6},"1":{"name":"(anonymous_1)","decl":{"start":{"line":16,"column":2},"end":{"line":16,"column":3}},"loc":{"start":{"line":16,"column":24},"end":{"line":20,"column":3}},"line":16},"2":{"name":"(anonymous_2)","decl":{"start":{"line":21,"column":2},"end":{"line":21,"column":3}},"loc":{"start":{"line":21,"column":36},"end":{"line":27,"column":3}},"line":21}},"branchMap":{"0":{"loc":{"start":{"line":25,"column":4},"end":{"line":25,"column":52}},"type":"if","locations":[{"start":{"line":25,"column":4},"end":{"line":25,"column":52}},{"start":{},"end":{}}],"line":25}},"s":{"0":10,"1":12,"2":2,"3":2,"4":0,"5":2},"f":{"0":10,"1":12,"2":2},"b":{"0":[0,2]},"_coverageSchema":"1a1c01bbd47fc00a2c39e90264f33305004495a9","hash":"aaebf70678d70431a8243fec0c0ddbe860c55362"}
}
