TN:
SF:src\application\database.ts
FN:25,(anonymous_0)
FN:28,(anonymous_1)
FN:31,(anonymous_2)
FN:34,(anonymous_3)
FNF:4
FNH:2
FNDA:0,(anonymous_0)
FNDA:41,(anonymous_1)
FNDA:2,(anonymous_2)
FNDA:0,(anonymous_3)
DA:4,2
DA:25,2
DA:26,0
DA:28,2
DA:29,41
DA:31,2
DA:32,2
DA:34,2
DA:35,0
LF:9
LH:7
BRF:0
BRH:0
end_of_record
TN:
SF:src\application\logger.ts
FNF:0
FNH:0
DA:3,2
LF:1
LH:1
BRF:0
BRH:0
end_of_record
TN:
SF:src\application\web.ts
FN:13,(anonymous_0)
FNF:1
FNH:0
FNDA:0,(anonymous_0)
DA:6,2
DA:7,2
DA:8,2
DA:9,2
DA:10,2
DA:12,2
DA:13,0
DA:14,0
LF:8
LH:6
BRDA:12,0,0,0
BRDA:12,0,1,2
BRF:2
BRH:1
end_of_record
TN:
SF:src\controller\contact-controller.ts
FN:7,(anonymous_0)
FNF:1
FNH:1
FNDA:1,(anonymous_0)
DA:8,1
DA:9,1
DA:10,1
DA:11,1
DA:15,0
LF:5
LH:4
BRF:0
BRH:0
end_of_record
TN:
SF:src\controller\user-controller.ts
FN:11,(anonymous_0)
FN:23,(anonymous_1)
FN:35,(anonymous_2)
FN:45,(anonymous_3)
FN:56,(anonymous_4)
FNF:5
FNH:5
FNDA:2,(anonymous_0)
FNDA:2,(anonymous_1)
FNDA:1,(anonymous_2)
FNDA:2,(anonymous_3)
FNDA:1,(anonymous_4)
DA:12,2
DA:13,2
DA:14,2
DA:16,1
DA:20,1
DA:24,2
DA:25,2
DA:26,2
DA:28,1
DA:32,1
DA:36,1
DA:37,1
DA:38,1
DA:42,0
DA:46,2
DA:47,2
DA:48,2
DA:49,1
DA:53,1
DA:57,1
DA:58,1
DA:59,1
DA:63,0
LF:23
LH:21
BRF:0
BRH:0
end_of_record
TN:
SF:src\error\response-error.ts
FN:2,(anonymous_0)
FNF:1
FNH:1
FNDA:1,(anonymous_0)
DA:3,1
LF:1
LH:1
BRF:0
BRH:0
end_of_record
TN:
SF:src\lib\bcrypt.ts
FN:6,(anonymous_0)
FN:13,(anonymous_1)
FNF:2
FNH:2
FNDA:12,(anonymous_0)
FNDA:2,(anonymous_1)
DA:4,2
DA:7,12
DA:11,12
DA:17,2
DA:18,2
LF:5
LH:5
BRDA:9,0,0,12
BRDA:9,0,1,0
BRF:2
BRH:1
end_of_record
TN:
SF:src\middleware\auth-middleware.ts
FN:5,(anonymous_0)
FNF:1
FNH:1
FNDA:8,(anonymous_0)
DA:5,2
DA:10,8
DA:11,8
DA:12,7
DA:13,7
DA:14,5
DA:15,5
DA:18,3
LF:8
LH:8
BRDA:11,0,0,7
BRDA:11,0,1,1
BRDA:13,1,0,5
BRDA:13,1,1,2
BRF:4
BRH:4
end_of_record
TN:
SF:src\middleware\error-middleware.ts
FN:5,(anonymous_0)
FNF:1
FNH:1
FNDA:3,(anonymous_0)
DA:5,2
DA:11,3
DA:12,2
DA:15,1
DA:16,1
DA:20,0
LF:6
LH:5
BRDA:11,0,0,2
BRDA:11,0,1,1
BRDA:15,1,0,1
BRDA:15,1,1,0
BRF:4
BRH:3
end_of_record
TN:
SF:src\model\contact-model.ts
FN:18,toContactResponse
FNF:1
FNH:1
FNDA:1,toContactResponse
DA:19,1
LF:1
LH:1
BRF:0
BRH:0
end_of_record
TN:
SF:src\model\user-model.ts
FN:25,toUserResponse
FNF:1
FNH:1
FNDA:5,toUserResponse
DA:26,5
LF:1
LH:1
BRF:0
BRH:0
end_of_record
TN:
SF:src\route\api.ts
FNF:0
FNH:0
DA:5,2
DA:7,2
DA:11,2
DA:12,2
DA:13,2
DA:17,2
LF:6
LH:6
BRF:0
BRH:0
end_of_record
TN:
SF:src\route\public-api.ts
FNF:0
FNH:0
DA:4,2
DA:6,2
DA:7,2
LF:3
LH:3
BRF:0
BRH:0
end_of_record
TN:
SF:src\service\contact-service.ts
FN:13,(anonymous_0)
FNF:1
FNH:1
FNDA:1,(anonymous_0)
DA:17,1
DA:21,1
DA:28,1
LF:3
LH:3
BRF:0
BRH:0
end_of_record
TN:
SF:src\service\user-service.ts
FN:17,(anonymous_0)
FN:39,(anonymous_1)
FN:67,(anonymous_2)
FN:70,(anonymous_3)
FN:87,(anonymous_4)
FNF:5
FNH:5
FNDA:2,(anonymous_0)
FNDA:2,(anonymous_1)
FNDA:1,(anonymous_2)
FNDA:2,(anonymous_3)
FNDA:1,(anonymous_4)
DA:18,2
DA:23,1
DA:27,1
DA:28,0
DA:31,1
DA:33,1
DA:37,1
DA:40,2
DA:41,2
DA:45,2
DA:46,1
DA:48,1
DA:53,1
DA:54,0
DA:57,1
DA:63,1
DA:64,1
DA:65,1
DA:68,1
DA:74,2
DA:75,1
DA:76,1
DA:78,1
DA:79,1
DA:81,1
DA:85,1
DA:88,1
DA:92,1
LF:28
LH:26
BRDA:27,0,0,0
BRDA:27,0,1,1
BRDA:45,1,0,1
BRDA:45,1,1,1
BRDA:53,2,0,0
BRDA:53,2,1,1
BRDA:75,3,0,1
BRDA:75,3,1,0
BRDA:78,4,0,1
BRDA:78,4,1,0
BRF:10
BRH:6
end_of_record
TN:
SF:src\validation\contact-validation.ts
FNF:0
FNH:0
DA:4,2
LF:1
LH:1
BRF:0
BRH:0
end_of_record
TN:
SF:src\validation\user-validation.ts
FNF:0
FNH:0
DA:4,2
DA:9,2
DA:13,2
LF:3
LH:3
BRF:0
BRH:0
end_of_record
TN:
SF:src\validation\validation.ts
FN:4,(anonymous_0)
FNF:1
FNH:1
FNDA:7,(anonymous_0)
DA:5,7
LF:1
LH:1
BRF:0
BRH:0
end_of_record
TN:
SF:test\contact-util.ts
FN:4,(anonymous_0)
FNF:1
FNH:1
FNDA:1,(anonymous_0)
DA:5,1
DA:8,1
LF:2
LH:2
BRF:0
BRH:0
end_of_record
TN:
SF:test\test-util.ts
FN:6,(anonymous_0)
FN:16,(anonymous_1)
FN:21,(anonymous_2)
FNF:3
FNH:3
FNDA:10,(anonymous_0)
FNDA:12,(anonymous_1)
FNDA:2,(anonymous_2)
DA:7,10
DA:17,12
DA:22,2
DA:25,2
DA:26,2
LF:5
LH:5
BRDA:25,0,0,0
BRDA:25,0,1,2
BRF:2
BRH:1
end_of_record
